<?xml version="1.0" encoding="UTF-8"?>
<!-- Generated by org.testng.reporters.JUnitReportReporter -->
<testsuite hostname="LAPTOP-3BL16AQ1" failures="0" tests="3" name="Tests.ForgotYourPasswordTest" time="33.687" errors="0" timestamp="2023-11-16T08:08:56 IST" skipped="0">
  <testcase classname="Tests.ForgotYourPasswordTest" name="clickForgotYourPassword_Link" time="11.303"/>
  <system-out/>
  <testcase classname="Tests.ForgotYourPasswordTest" name="enterUsername" time="13.627"/>
  <system-out/>
  <testcase classname="Tests.ForgotYourPasswordTest" name="clickCancel" time="8.757"/>
  <system-out/>
</testsuite> <!-- Tests.ForgotYourPasswordTest -->
