<?xml version="1.0" encoding="UTF-8"?>
<!-- Generated by org.testng.reporters.JUnitReportReporter -->
<testsuite hostname="LAPTOP-3BL16AQ1" failures="0" tests="3" name="TestNG_Attributes.Description_Attribute" time="4.713" errors="0" timestamp="2023-11-10T08:10:11 IST" skipped="0">
  <testcase classname="TestNG_Attributes.Description_Attribute" name="enterUsername" time="2.692"/>
  <system-out/>
  <testcase classname="TestNG_Attributes.Description_Attribute" name="enterPassword" time="0.350"/>
  <system-out/>
  <testcase classname="TestNG_Attributes.Description_Attribute" name="clickLogin" time="1.671"/>
  <system-out/>
</testsuite> <!-- TestNG_Attributes.Description_Attribute -->
