<?xml version="1.0" encoding="UTF-8"?>
<!-- Generated by org.testng.reporters.JUnitReportReporter -->
<testsuite hostname="LAPTOP-3BL16AQ1" failures="0" tests="3" name="TestNG_Attributes.DependsOnMethods_Attribute" time="4.255" errors="0" timestamp="2023-11-10T08:16:18 IST" skipped="0">
  <testcase classname="TestNG_Attributes.DependsOnMethods_Attribute" name="enterUsername" time="1.173"/>
  <system-out/>
  <testcase classname="TestNG_Attributes.DependsOnMethods_Attribute" name="enterPassword" time="1.369"/>
  <system-out/>
  <testcase classname="TestNG_Attributes.DependsOnMethods_Attribute" name="clickLogin" time="1.713"/>
  <system-out/>
</testsuite> <!-- TestNG_Attributes.DependsOnMethods_Attribute -->
