<?xml version="1.0" encoding="UTF-8"?>
<!-- Generated by org.testng.reporters.JUnitReportReporter -->
<testsuite hostname="LAPTOP-3BL16AQ1" failures="0" tests="3" name="TestNG_Assertions.Soft_Assertion" time="54.573" errors="0" timestamp="2023-11-15T08:02:48 IST" skipped="0">
  <testcase classname="TestNG_Assertions.Soft_Assertion" name="enterUsername" time="46.397"/>
  <system-out/>
  <testcase classname="TestNG_Assertions.Soft_Assertion" name="enterPassword" time="5.564"/>
  <system-out/>
  <testcase classname="TestNG_Assertions.Soft_Assertion" name="clickLogin" time="2.612"/>
  <system-out/>
</testsuite> <!-- TestNG_Assertions.Soft_Assertion -->
