<?xml version="1.0" encoding="UTF-8"?>
<!-- Generated by org.testng.reporters.JUnitReportReporter -->
<testsuite hostname="LAPTOP-3BL16AQ1" failures="0" tests="3" name="TestNG_Attributes.Priority_Attribute" time="5.672" errors="0" timestamp="2023-11-10T08:01:48 IST" skipped="0">
  <testcase classname="TestNG_Attributes.Priority_Attribute" name="enterUsername" time="3.943"/>
  <system-out/>
  <testcase classname="TestNG_Attributes.Priority_Attribute" name="enterPassword" time="0.299"/>
  <system-out/>
  <testcase classname="TestNG_Attributes.Priority_Attribute" name="clickLogin" time="1.430"/>
  <system-out/>
</testsuite> <!-- TestNG_Attributes.Priority_Attribute -->
