<?xml version="1.0" encoding="UTF-8"?>
<!-- Generated by org.testng.reporters.JUnitReportReporter -->
<testsuite hostname="LAPTOP-3BL16AQ1" failures="0" tests="5" name="Tests.LoginAndLogoutTest" time="35.154" errors="0" timestamp="2023-11-18T08:11:03 IST" skipped="0">
  <testcase classname="Tests.LoginAndLogoutTest" name="enterUsername" time="11.453"/>
  <system-out/>
  <testcase classname="Tests.LoginAndLogoutTest" name="enterPassword" time="0.386"/>
  <system-out/>
  <testcase classname="Tests.LoginAndLogoutTest" name="clickLogin" time="4.770"/>
  <system-out/>
  <testcase classname="Tests.LoginAndLogoutTest" name="click_PaulCoolings" time="8.994"/>
  <system-out/>
  <testcase classname="Tests.LoginAndLogoutTest" name="click_Logout" time="9.551"/>
  <system-out/>
</testsuite> <!-- Tests.LoginAndLogoutTest -->
