<?xml version="1.0" encoding="UTF-8"?>
<!-- Generated by org.testng.reporters.JUnitReportReporter -->
<testsuite hostname="LAPTOP-3BL16AQ1" failures="0" tests="3" name="TestNG_Attributes.Timeout_Attribute" time="4.225" errors="0" timestamp="2023-11-10T08:06:33 IST" skipped="0">
  <testcase classname="TestNG_Attributes.Timeout_Attribute" name="enterUsername" time="2.595"/>
  <system-out/>
  <testcase classname="TestNG_Attributes.Timeout_Attribute" name="enterPassword" time="0.305"/>
  <system-out/>
  <testcase classname="TestNG_Attributes.Timeout_Attribute" name="clickLogin" time="1.325"/>
  <system-out/>
</testsuite> <!-- TestNG_Attributes.Timeout_Attribute -->
