<?xml version="1.0" encoding="UTF-8"?>
<!-- Generated by org.testng.reporters.JUnitReportReporter -->
<testsuite hostname="LAPTOP-3BL16AQ1" failures="0" tests="3" name="TestNG_Attributes.Enabled_Attribute" time="2.203" errors="0" timestamp="2023-11-10T08:04:28 IST" skipped="1">
  <testcase classname="TestNG_Attributes.Enabled_Attribute" name="enterUsername" time="1.769"/>
  <system-out/>
  <testcase classname="TestNG_Attributes.Enabled_Attribute" name="enterPassword" time="0.434"/>
  <system-out/>
  <testcase classname="TestNG_Attributes.Enabled_Attribute" name="clickLogin">
    <skipped/>
  </testcase> <!-- clickLogin -->
  <system-out/>
</testsuite> <!-- TestNG_Attributes.Enabled_Attribute -->
