<?xml version="1.0" encoding="UTF-8"?>
<!-- Generated by org.testng.reporters.JUnitReportReporter -->
<testsuite hostname="LAPTOP-3BL16AQ1" failures="0" tests="3" name="TestNG.LoginToOrangeHRM_Edge" time="6.476" errors="0" timestamp="2023-11-10T07:48:43 IST" skipped="0">
  <testcase classname="TestNG.LoginToOrangeHRM_Edge" name="enterUsername" time="2.883"/>
  <system-out/>
  <testcase classname="TestNG.LoginToOrangeHRM_Edge" name="enterPassword" time="1.341"/>
  <system-out/>
  <testcase classname="TestNG.LoginToOrangeHRM_Edge" name="clickLogin" time="2.252"/>
  <system-out/>
</testsuite> <!-- TestNG.LoginToOrangeHRM_Edge -->
