<?xml version="1.0" encoding="UTF-8"?>
<!-- Generated by org.testng.reporters.JUnitReportReporter -->
<testsuite hostname="LAPTOP-3BL16AQ1" failures="0" tests="7" name="TestNG_Attributes.InvocationCount_Attribute" time="6.392" errors="0" timestamp="2023-11-10T08:12:16 IST" skipped="1">
  <testcase classname="TestNG_Attributes.InvocationCount_Attribute" name="enterUsername" time="3.789"/>
  <system-out/>
  <testcase classname="TestNG_Attributes.InvocationCount_Attribute" name="enterUsername" time="1.155"/>
  <system-out/>
  <testcase classname="TestNG_Attributes.InvocationCount_Attribute" name="enterUsername" time="0.246"/>
  <system-out/>
  <testcase classname="TestNG_Attributes.InvocationCount_Attribute" name="enterUsername" time="0.188"/>
  <system-out/>
  <testcase classname="TestNG_Attributes.InvocationCount_Attribute" name="enterUsername" time="0.667"/>
  <system-out/>
  <testcase classname="TestNG_Attributes.InvocationCount_Attribute" name="enterPassword" time="0.347"/>
  <system-out/>
  <testcase classname="TestNG_Attributes.InvocationCount_Attribute" name="clickLogin">
    <skipped/>
  </testcase> <!-- clickLogin -->
  <system-out/>
</testsuite> <!-- TestNG_Attributes.InvocationCount_Attribute -->
