<?xml version="1.0" encoding="UTF-8"?>
<!-- Generated by org.testng.reporters.JUnitReportReporter -->
<testsuite hostname="LAPTOP-3BL16AQ1" failures="0" tests="6" name="TestNG_Attributes.DataProviders_Attribute" time="74.850" errors="0" timestamp="2023-11-11T08:04:34 IST" skipped="0">
  <testcase classname="TestNG_Attributes.DataProviders_Attribute" name="enterCredentais" time="24.130"/>
  <system-out/>
  <testcase classname="TestNG_Attributes.DataProviders_Attribute" name="enterCredentais" time="1.064"/>
  <system-out/>
  <testcase classname="TestNG_Attributes.DataProviders_Attribute" name="enterCredentais" time="30.720"/>
  <system-out/>
  <testcase classname="TestNG_Attributes.DataProviders_Attribute" name="enterCredentais" time="0.908"/>
  <system-out/>
  <testcase classname="TestNG_Attributes.DataProviders_Attribute" name="enterCredentais" time="1.375"/>
  <system-out/>
  <testcase classname="TestNG_Attributes.DataProviders_Attribute" name="enterCredentais" time="16.653"/>
  <system-out/>
</testsuite> <!-- TestNG_Attributes.DataProviders_Attribute -->
