<?xml version="1.0" encoding="UTF-8"?>
<!-- Generated by org.testng.reporters.JUnitReportReporter -->
<testsuite hostname="LAPTOP-3BL16AQ1" failures="0" tests="3" name="TestNG_Assertions.Hard_Assertion" time="65.142" errors="0" timestamp="2023-11-15T07:49:21 IST" skipped="0">
  <testcase classname="TestNG_Assertions.Hard_Assertion" name="enterUsername" time="58.809"/>
  <system-out/>
  <testcase classname="TestNG_Assertions.Hard_Assertion" name="enterPassword" time="2.528"/>
  <system-out/>
  <testcase classname="TestNG_Assertions.Hard_Assertion" name="clickLogin" time="3.805"/>
  <system-out/>
</testsuite> <!-- TestNG_Assertions.Hard_Assertion -->
