<?xml version="1.0" encoding="UTF-8"?>
<!-- Generated by org.testng.reporters.JUnitReportReporter -->
<testsuite hostname="LAPTOP-3BL16AQ1" failures="0" tests="3" name="TestNG.LoginToOrangeHRM_UsingBaseClass" time="3.869" errors="0" timestamp="2023-11-10T07:57:52 IST" skipped="0">
  <testcase classname="TestNG.LoginToOrangeHRM_UsingBaseClass" name="enterUsername" time="1.269"/>
  <system-out/>
  <testcase classname="TestNG.LoginToOrangeHRM_UsingBaseClass" name="enterPassword" time="1.136"/>
  <system-out/>
  <testcase classname="TestNG.LoginToOrangeHRM_UsingBaseClass" name="clickLogin" time="1.464"/>
  <system-out/>
</testsuite> <!-- TestNG.LoginToOrangeHRM_UsingBaseClass -->
