<?xml version="1.0" encoding="UTF-8"?>
<!-- Generated by org.testng.reporters.JUnitReportReporter -->
<testsuite hostname="LAPTOP-3BL16AQ1" failures="0" tests="3" name="Listeners.LoginToOrangeHRM_Listeners" time="5.917" errors="0" timestamp="2023-11-15T08:13:03 IST" skipped="0">
  <testcase classname="Listeners.LoginToOrangeHRM_Listeners" name="enterUsername" time="3.363"/>
  <system-out/>
  <testcase classname="Listeners.LoginToOrangeHRM_Listeners" name="enterPassword" time="0.440"/>
  <system-out/>
  <testcase classname="Listeners.LoginToOrangeHRM_Listeners" name="clickLogin" time="2.114"/>
  <system-out/>
</testsuite> <!-- Listeners.LoginToOrangeHRM_Listeners -->
