<?xml version="1.0" encoding="UTF-8"?>
<!-- Generated by org.testng.reporters.JUnitReportReporter -->
<testsuite hostname="LAPTOP-3BL16AQ1" failures="0" tests="3" name="TestNG.LoginToOrangeHRM" time="10.467" errors="0" timestamp="2023-11-10T07:48:43 IST" skipped="0">
  <testcase classname="TestNG.LoginToOrangeHRM" name="enterUsername" time="1.589"/>
  <system-out/>
  <testcase classname="TestNG.LoginToOrangeHRM" name="enterPassword" time="5.547"/>
  <system-out/>
  <testcase classname="TestNG.LoginToOrangeHRM" name="clickLogin" time="3.331"/>
  <system-out/>
</testsuite> <!-- TestNG.LoginToOrangeHRM -->
