<?xml version="1.0" encoding="UTF-8"?>
<!-- Generated by org.testng.reporters.JUnitReportReporter -->
<testsuite hostname="LAPTOP-3BL16AQ1" failures="0" tests="3" name="TestNgScreenshots.LoginToOrangeHRM_Scrrenshots" time="6.824" errors="0" timestamp="2023-11-14T07:51:53 IST" skipped="0">
  <testcase classname="TestNgScreenshots.LoginToOrangeHRM_Scrrenshots" name="enterUsername" time="3.415"/>
  <system-out/>
  <testcase classname="TestNgScreenshots.LoginToOrangeHRM_Scrrenshots" name="enterPassword" time="0.536"/>
  <system-out/>
  <testcase classname="TestNgScreenshots.LoginToOrangeHRM_Scrrenshots" name="clickLogin" time="2.873"/>
  <system-out/>
</testsuite> <!-- TestNgScreenshots.LoginToOrangeHRM_Scrrenshots -->
