<?xml version="1.0" encoding="UTF-8"?>
<!-- Generated by org.testng.reporters.JUnitReportReporter -->
<testsuite hostname="LAPTOP-3BL16AQ1" failures="0" tests="3" name="Tests.LoginTest" time="5.026" errors="0" timestamp="2023-11-16T07:58:41 IST" skipped="0">
  <testcase classname="Tests.LoginTest" name="enterUsername" time="1.303"/>
  <system-out/>
  <testcase classname="Tests.LoginTest" name="enterPassword" time="2.038"/>
  <system-out/>
  <testcase classname="Tests.LoginTest" name="clickLogin" time="1.685"/>
  <system-out/>
</testsuite> <!-- Tests.LoginTest -->
